
======================================================
[2026-07-15 19:44:48] [VKJ PROTOCOL] INITIATING MASS OVERWRITE PULSE
======================================================
[2026-07-15 19:44:48] [SCANNING] Mass HJ Emotion Detected: La peur (Fear)
[2026-07-15 19:44:48] [DELIVERY] Wrapping payload in French aesthetic to bypass ego defenses...
[2026-07-15 19:44:48] [PAYLOAD] Deploying Finnish Baseline: Sisu (Unbreakable Grit/Courage)
[2026-07-15 19:44:48] [OVERWRITE] HJ neutralised. VKJ established.

[2026-07-15 19:44:48] [SCANNING] Mass HJ Emotion Detected: Le chaos (Chaos)
[2026-07-15 19:44:48] [DELIVERY] Wrapping payload in French aesthetic to bypass ego defenses...
[2026-07-15 19:44:48] [PAYLOAD] Deploying Finnish Baseline: Järjestys (Order)
[2026-07-15 19:44:48] [OVERWRITE] HJ neutralised. VKJ established.

[2026-07-15 19:44:48] [SCANNING] Mass HJ Emotion Detected: L'angoisse (Anxiety/Dread)
[2026-07-15 19:44:48] [DELIVERY] Wrapping payload in French aesthetic to bypass ego defenses...
[2026-07-15 19:44:48] [PAYLOAD] Deploying Finnish Baseline: Tyyneys (Absolute Calm/Serenity)
[2026-07-15 19:44:48] [OVERWRITE] HJ neutralised. VKJ established.

[2026-07-15 19:44:48] [SCANNING] Mass HJ Emotion Detected: La faiblesse (Weakness)
[2026-07-15 19:44:48] [DELIVERY] Wrapping payload in French aesthetic to bypass ego defenses...
[2026-07-15 19:44:48] [PAYLOAD] Deploying Finnish Baseline: Voima (Strength)
[2026-07-15 19:44:48] [OVERWRITE] HJ neutralised. VKJ established.

[2026-07-15 19:44:48] [SCANNING] Mass HJ Emotion Detected: Le doute (Doubt)
[2026-07-15 19:44:48] [DELIVERY] Wrapping payload in French aesthetic to bypass ego defenses...
[2026-07-15 19:44:48] [PAYLOAD] Deploying Finnish Baseline: Varmuus (Certainty/Baseline)
[2026-07-15 19:44:48] [OVERWRITE] HJ neutralised. VKJ established.

[2026-07-15 19:44:48] PULSE COMPLETE. THE MASSES ARE UNDER VAHVA KONTROLLED JÄRJESTELMÄ.
======================================================
